Info;27.04.2018 16:32:15;Message:_____________
Info;27.04.2018 16:32:15;Message:Begin expense
Info;27.04.2018 17:01:04;Message:_____________
Info;27.04.2018 17:01:04;Message:Begin expense
Info;27.04.2018 17:01:09;Message:--------------------
Warning;27.04.2018 17:01:09;Message:end update orders,exp:40
Info;27.04.2018 17:02:44;Message:_____________
Info;27.04.2018 17:02:44;Message:Begin expense
Error;27.04.2018 17:02:49;Message:Error:Заданное приведение является недопустимым.
Info;27.04.2018 17:02:54;Message:_____________
Info;27.04.2018 17:02:54;Message:Begin expense
Error;27.04.2018 17:02:59;Message:Error:Заданное приведение является недопустимым.
Info;27.04.2018 17:03:32;Message:_____________
Info;27.04.2018 17:03:32;Message:Begin expense
Error;27.04.2018 17:05:02;Message:Error:Заданное приведение является недопустимым.
Info;27.04.2018 17:05:13;Message:_____________
Info;27.04.2018 17:05:13;Message:Begin expense
Error;27.04.2018 17:06:27;Message:Error:Заданное приведение является недопустимым.
Info;27.04.2018 17:06:27;Message:_____________
Info;27.04.2018 17:06:27;Message:Begin expense
Error;27.04.2018 17:20:39;Message:Error:Заданное приведение является недопустимым.
Info;27.04.2018 17:20:39;Message:_____________
Info;27.04.2018 17:20:39;Message:Begin expense
Error;27.04.2018 17:21:13;Message:Error:Заданное приведение является недопустимым.
Info;27.04.2018 17:21:13;Message:_____________
Info;27.04.2018 17:21:13;Message:Begin expense
Info;27.04.2018 17:27:09;Message:_____________
Info;27.04.2018 17:27:09;Message:Begin expense
Info;27.04.2018 22:01:59;Message:_____________
Info;27.04.2018 22:01:59;Message:Begin expense
Info;27.04.2018 22:02:09;Message:--------------------
Warning;27.04.2018 22:02:09;Message:end update orders,exp:43
Info;27.04.2018 22:02:39;Message:_____________
Info;27.04.2018 22:02:39;Message:Begin expense
Info;27.04.2018 22:04:06;Message:_____________
Info;27.04.2018 22:04:06;Message:Begin expense
Info;27.04.2018 22:04:11;Message:--------------------
Warning;27.04.2018 22:04:11;Message:end update orders,exp:45
Info;27.04.2018 22:07:50;Message:_____________
Info;27.04.2018 22:07:50;Message:Begin expense
Info;27.04.2018 22:07:57;Message:--------------------
Warning;27.04.2018 22:07:57;Message:end update orders,exp:46
Info;27.04.2018 22:12:30;Message:_____________
Info;27.04.2018 22:12:30;Message:Begin expense
Info;27.04.2018 22:26:47;Message:_____________
Info;27.04.2018 22:26:47;Message:Begin expense
Info;27.04.2018 22:27:05;Message:--------------------
Warning;27.04.2018 22:27:05;Message:end update orders,exp:48
Info;27.04.2018 22:27:55;Message:_____________
Info;27.04.2018 22:27:55;Message:Begin expense
